# JRE version: Java(TM) SE Runtime Environment (8.0_60-b27) (build 1.8.0_60-b27)
# Java VM: Java HotSpot(TM) 64-Bit Server VM (25.60-b23 mixed mode windows-amd64 compressed oops)
Heap:
 PSYoungGen      total 217088K, used 66186K [0x00000000d5f00000, 0x00000000e5600000, 0x0000000100000000)
  eden space 203776K, 26% used [0x00000000d5f00000,0x00000000d930c620,0x00000000e2600000)
  from space 13312K, 96% used [0x00000000e3480000,0x00000000e4116528,0x00000000e4180000)
  to   space 14848K, 0% used [0x00000000e2600000,0x00000000e2600000,0x00000000e3480000)
 ParOldGen       total 78336K, used 17879K [0x0000000081c00000, 0x0000000086880000, 0x00000000d5f00000)
  object space 78336K, 22% used [0x0000000081c00000,0x0000000082d75d80,0x0000000086880000)
 Metaspace       used 50932K, capacity 52766K, committed 53040K, reserved 1095680K
  class space    used 6833K, capacity 7177K, committed 7216K, reserved 1048576K
GC Heap History (10 events):
Event: 4.374 GC heap before
{Heap before GC invocations=8 (full 1):
 PSYoungGen      total 126464K, used 126342K [0x00000000d5f00000, 0x00000000df100000, 0x0000000100000000)
  eden space 118272K, 100% used [0x00000000d5f00000,0x00000000dd280000,0x00000000dd280000)
  from space 8192K, 98% used [0x00000000de900000,0x00000000df0e1898,0x00000000df100000)
  to   space 9216K, 0% used [0x00000000ddf00000,0x00000000ddf00000,0x00000000de800000)
 ParOldGen       total 50176K, used 6784K [0x0000000081c00000, 0x0000000084d00000, 0x00000000d5f00000)
  object space 50176K, 13% used [0x0000000081c00000,0x00000000822a0058,0x0000000084d00000)
 Metaspace       used 31640K, capacity 32650K, committed 32816K, reserved 1077248K
  class space    used 4157K, capacity 4397K, committed 4400K, reserved 1048576K
Event: 4.388 GC heap after
Heap after GC invocations=8 (full 1):
 PSYoungGen      total 140288K, used 9205K [0x00000000d5f00000, 0x00000000e4180000, 0x0000000100000000)
  eden space 131072K, 0% used [0x00000000d5f00000,0x00000000d5f00000,0x00000000ddf00000)
  from space 9216K, 99% used [0x00000000ddf00000,0x00000000de7fd5b0,0x00000000de800000)
  to   space 13312K, 0% used [0x00000000e3480000,0x00000000e3480000,0x00000000e4180000)
 ParOldGen       total 50176K, used 12742K [0x0000000081c00000, 0x0000000084d00000, 0x00000000d5f00000)
  object space 50176K, 25% used [0x0000000081c00000,0x00000000828718b8,0x0000000084d00000)
 Metaspace       used 31640K, capacity 32650K, committed 32816K, reserved 1077248K
  class space    used 4157K, capacity 4397K, committed 4400K, reserved 1048576K
}
Event: 5.014 GC heap before
{Heap before GC invocations=9 (full 1):
 PSYoungGen      total 140288K, used 66263K [0x00000000d5f00000, 0x00000000e4180000, 0x0000000100000000)
  eden space 131072K, 43% used [0x00000000d5f00000,0x00000000d96b8890,0x00000000ddf00000)
  from space 9216K, 99% used [0x00000000ddf00000,0x00000000de7fd5b0,0x00000000de800000)
  to   space 13312K, 0% used [0x00000000e3480000,0x00000000e3480000,0x00000000e4180000)
 ParOldGen       total 50176K, used 12742K [0x0000000081c00000, 0x0000000084d00000, 0x00000000d5f00000)
  object space 50176K, 25% used [0x0000000081c00000,0x00000000828718b8,0x0000000084d00000)
 Metaspace       used 34286K, capacity 35340K, committed 35496K, reserved 1079296K
  class space    used 4564K, capacity 4806K, committed 4912K, reserved 1048576K
Event: 5.028 GC heap after
Heap after GC invocations=9 (full 1):
 PSYoungGen      total 217088K, used 12562K [0x00000000d5f00000, 0x00000000e5600000, 0x0000000100000000)
  eden space 203776K, 0% used [0x00000000d5f00000,0x00000000d5f00000,0x00000000e2600000)
  from space 13312K, 94% used [0x00000000e3480000,0x00000000e40c4ba8,0x00000000e4180000)
  to   space 14848K, 0% used [0x00000000e2600000,0x00000000e2600000,0x00000000e3480000)
 ParOldGen       total 50176K, used 12750K [0x0000000081c00000, 0x0000000084d00000, 0x00000000d5f00000)
  object space 50176K, 25% used [0x0000000081c00000,0x00000000828738b8,0x0000000084d00000)
 Metaspace       used 34286K, capacity 35340K, committed 35496K, reserved 1079296K
  class space    used 4564K, capacity 4806K, committed 4912K, reserved 1048576K
}
Event: 5.028 GC heap before
{Heap before GC invocations=10 (full 2):
 PSYoungGen      total 217088K, used 12562K [0x00000000d5f00000, 0x00000000e5600000, 0x0000000100000000)
  eden space 203776K, 0% used [0x00000000d5f00000,0x00000000d5f00000,0x00000000e2600000)
  from space 13312K, 94% used [0x00000000e3480000,0x00000000e40c4ba8,0x00000000e4180000)
  to   space 14848K, 0% used [0x00000000e2600000,0x00000000e2600000,0x00000000e3480000)
 ParOldGen       total 50176K, used 12750K [0x0000000081c00000, 0x0000000084d00000, 0x00000000d5f00000)
  object space 50176K, 25% used [0x0000000081c00000,0x00000000828738b8,0x0000000084d00000)
 Metaspace       used 34286K, capacity 35340K, committed 35496K, reserved 1079296K
  class space    used 4564K, capacity 4806K, committed 4912K, reserved 1048576K
Event: 5.101 GC heap after
Heap after GC invocations=10 (full 2):
 PSYoungGen      total 217088K, used 0K [0x00000000d5f00000, 0x00000000e5600000, 0x0000000100000000)
  eden space 203776K, 0% used [0x00000000d5f00000,0x00000000d5f00000,0x00000000e2600000)
  from space 13312K, 0% used [0x00000000e3480000,0x00000000e3480000,0x00000000e4180000)
  to   space 14848K, 0% used [0x00000000e2600000,0x00000000e2600000,0x00000000e3480000)
 ParOldGen       total 78336K, used 17863K [0x0000000081c00000, 0x0000000086880000, 0x00000000d5f00000)
  object space 78336K, 22% used [0x0000000081c00000,0x0000000082d71d80,0x0000000086880000)
 Metaspace       used 34286K, capacity 35340K, committed 35496K, reserved 1079296K
  class space    used 4564K, capacity 4806K, committed 4912K, reserved 1048576K
}
Event: 6.766 GC heap before
{Heap before GC invocations=11 (full 2):
 PSYoungGen      total 217088K, used 203776K [0x00000000d5f00000, 0x00000000e5600000, 0x0000000100000000)
  eden space 203776K, 100% used [0x00000000d5f00000,0x00000000e2600000,0x00000000e2600000)
  from space 13312K, 0% used [0x00000000e3480000,0x00000000e3480000,0x00000000e4180000)
  to   space 14848K, 0% used [0x00000000e2600000,0x00000000e2600000,0x00000000e3480000)
 ParOldGen       total 78336K, used 17863K [0x0000000081c00000, 0x0000000086880000, 0x00000000d5f00000)
  object space 78336K, 22% used [0x0000000081c00000,0x0000000082d71d80,0x0000000086880000)
 Metaspace       used 42316K, capacity 43894K, committed 44080K, reserved 1087488K
  class space    used 5580K, capacity 5919K, committed 5936K, reserved 1048576K
Event: 6.795 GC heap after
Heap after GC invocations=11 (full 2):
 PSYoungGen      total 218624K, used 12626K [0x00000000d5f00000, 0x00000000e5600000, 0x0000000100000000)
  eden space 203776K, 0% used [0x00000000d5f00000,0x00000000d5f00000,0x00000000e2600000)
  from space 14848K, 85% used [0x00000000e2600000,0x00000000e3254a38,0x00000000e3480000)
  to   space 13312K, 0% used [0x00000000e3480000,0x00000000e3480000,0x00000000e4180000)
 ParOldGen       total 78336K, used 17871K [0x0000000081c00000, 0x0000000086880000, 0x00000000d5f00000)
  object space 78336K, 22% used [0x0000000081c00000,0x0000000082d73d80,0x0000000086880000)
 Metaspace       used 42316K, capacity 43894K, committed 44080K, reserved 1087488K
  class space    used 5580K, capacity 5919K, committed 5936K, reserved 1048576K
}
Event: 8.004 GC heap before
{Heap before GC invocations=12 (full 2):
 PSYoungGen      total 218624K, used 216402K [0x00000000d5f00000, 0x00000000e5600000, 0x0000000100000000)
  eden space 203776K, 100% used [0x00000000d5f00000,0x00000000e2600000,0x00000000e2600000)
  from space 14848K, 85% used [0x00000000e2600000,0x00000000e3254a38,0x00000000e3480000)
  to   space 13312K, 0% used [0x00000000e3480000,0x00000000e3480000,0x00000000e4180000)
 ParOldGen       total 78336K, used 17871K [0x0000000081c00000, 0x0000000086880000, 0x00000000d5f00000)
  object space 78336K, 22% used [0x0000000081c00000,0x0000000082d73d80,0x0000000086880000)
 Metaspace       used 47182K, capacity 48930K, committed 49200K, reserved 1091584K
  class space    used 6314K, capacity 6663K, committed 6704K, reserved 1048576K
Event: 8.032 GC heap after
Heap after GC invocations=12 (full 2):
 PSYoungGen      total 217088K, used 12889K [0x00000000d5f00000, 0x00000000e5600000, 0x0000000100000000)
  eden space 203776K, 0% used [0x00000000d5f00000,0x00000000d5f00000,0x00000000e2600000)
  from space 13312K, 96% used [0x00000000e3480000,0x00000000e4116528,0x00000000e4180000)
  to   space 14848K, 0% used [0x00000000e2600000,0x00000000e2600000,0x00000000e3480000)
 ParOldGen       total 78336K, used 17879K [0x0000000081c00000, 0x0000000086880000, 0x00000000d5f00000)
  object space 78336K, 22% used [0x0000000081c00000,0x0000000082d75d80,0x0000000086880000)
 Metaspace       used 47182K, capacity 48930K, committed 49200K, reserved 1091584K
  class space    used 6314K, capacity 6663K, committed 6704K, reserved 1048576K
}

